<?xml version="1.0" encoding="UTF-8"?>
<testng-results ignored="0" total="1" passed="1" failed="0" skipped="0">
  <reporter-output>
  </reporter-output>
  <suite started-at="2021-08-31T18:12:03 IST" name="Default suite" finished-at="2021-08-31T18:12:03 IST" duration-ms="261">
    <groups>
    </groups>
    <test started-at="2021-08-31T18:12:03 IST" name="Default test" finished-at="2021-08-31T18:12:03 IST" duration-ms="261">
      <class name="Akashpackage.TestNGFinal">
        <test-method is-config="true" signature="beforeTest()[pri:0, instance:Akashpackage.TestNGFinal@73e22a3d]" started-at="2021-08-31T18:12:03 IST" name="beforeTest" finished-at="2021-08-31T18:12:03 IST" duration-ms="28" status="PASS">
          <reporter-output>
          </reporter-output>
        </test-method> <!-- beforeTest -->
        <test-method signature="f()[pri:0, instance:Akashpackage.TestNGFinal@73e22a3d]" started-at="2021-08-31T18:12:03 IST" name="f" finished-at="2021-08-31T18:12:03 IST" duration-ms="38" status="PASS">
          <reporter-output>
          </reporter-output>
        </test-method> <!-- f -->
        <test-method is-config="true" signature="afterTest()[pri:0, instance:Akashpackage.TestNGFinal@73e22a3d]" started-at="2021-08-31T18:12:03 IST" name="afterTest" finished-at="2021-08-31T18:12:03 IST" duration-ms="1" status="PASS">
          <reporter-output>
          </reporter-output>
        </test-method> <!-- afterTest -->
      </class> <!-- Akashpackage.TestNGFinal -->
    </test> <!-- Default test -->
  </suite> <!-- Default suite -->
</testng-results>
